1497347108912	geckodriver	INFO	Listening on 127.0.0.1:52587
1497347110941	mozprofile::profile	INFO	Using profile path C:\Users\guyaru.pc\AppData\Local\Temp\rust_mozprofile.ABYhtIzQ8TOw
1497347110956	geckodriver::marionette	INFO	Starting browser d:\Program Files (x86)\Mozilla Firefox\browser\firefox.exe
1497347110979	geckodriver::marionette	INFO	Connecting to Marionette on localhost:52593
1497347112591	Marionette	INFO	Listening on port 52593
1497347113821	Marionette	WARN	TLS certificate errors will be ignored for this session
JavaScript error: https://192.168.23.182/fort/login, line 35: TypeError: sso.update is not a function
 certificate errors will be ignored for this session
JavaScript error: https://192.168.23.182/fort/login, line 35: TypeError: sso.update is not a function
1496391841122	Marionette	INFO	New connections will no longer be accepted
-00000000000000000000/build/src/ipc/chromium/src/chrome/common/ipc_channel_win.cc, line 346
[Child 6600] WARNING: pipe error: 109: file c:/builds/moz2_slave/m-rel-w32-00000000000000000000/build/src/ipc/chromium/src/chrome/common/ipc_channel_win.cc, line 346
console.error: 
  Message: Error: Connection closed before committing the transaction.
  Stack:
    executeTransaction/promise</transactionPromise<@resource://gre/modules/Sqlite.jsm:617:19
TaskImpl_run@resource://gre/modules/Task.jsm:319:42
process@resource://gre/modules/Promise.jsm -> resource://gre/modules/Promise-backend.js:917:23
walkerLoop@resource://gre/modules/Promise.jsm -> resource://gre/modules/Promise-backend.js:801:7
scheduleWalkerLoop/<@resource://gre/modules/Promise.jsm -> resource://gre/modules/Promise-backend.js:737:11
observe@resource://gre/modules/AsyncShutdown.jsm:550:9
addBlocker/moduleBlocker/<@resource://gre/components/nsAsyncShutdown.js:157:15
Promise@resource://gre/modules/Promise.jsm -> resource://gre/modules/Promise-backend.js:385:5
moduleBlocker@resource://gre/components/nsAsyncShutdown.js:153:29
trigger@resource://gre/modules/AsyncShutdown.jsm:719:23
_wait@resource://gre/modules/AsyncShutdown.jsm:866:7
wait@resource://gre/modules/AsyncShutdown.jsm:850:28
observe@resource://gre/modules/AsyncShutdown.jsm:533:17


###!!! [Child][MessageChannel::SendAndWait] Error: Channel error: cannot send/recv

